<?xml version="1.0" encoding="UTF-8" ?>
<testsuite tests="8" failures="0" name="domain.OrderTest" time="0.017" errors="0" skipped="0">
  <properties>
[...]
</properties>
  <testcase classname="domain.OrderTest" name="testSetQuantity" time="0.016"/>
  <testcase classname="domain.OrderTest" name="testEqualsNotOrderObject" time="0"/>
  <testcase classname="domain.OrderTest" name="testEqualsSameOrder" time="0"/>
  <testcase classname="domain.OrderTest" name="testEqualsDiffOrder" time="0"/>
  <testcase classname="domain.OrderTest" name="testSetCustomer" time="0"/>
  <testcase classname="domain.OrderTest" name="testDefaultConstructor" time="0.001"/>
  <testcase classname="domain.OrderTest" name="testSetGetId" time="0"/>
  <testcase classname="domain.OrderTest" name="testSetPrice" time="0"/>
</testsuite>